This file contains any messages produced by compilers while
running configure, to aid debugging if configure makes a mistake.

It was created by libev configure 4.33, which was
generated by GNU Autoconf 2.69.  Invocation command line was

  $ ./configure --no-create --no-recursion

## --------- ##
## Platform. ##
## --------- ##

hostname = pc
uname -m = x86_64
uname -r = 5.4.0-54-generic
uname -s = Linux
uname -v = #60-Ubuntu SMP Fri Nov 6 10:37:59 UTC 2020

/usr/bin/uname -p = x86_64
/bin/uname -X     = unknown

/bin/arch              = x86_64
/usr/bin/arch -k       = unknown
/usr/convex/getsysinfo = unknown
/usr/bin/hostinfo      = unknown
/bin/machine           = unknown
/usr/bin/oslevel       = unknown
/bin/universe          = unknown

PATH: /home/feng/.local/bin
PATH: /home/feng/bin
PATH: /usr/local/sbin
PATH: /usr/local/bin
PATH: /usr/sbin
PATH: /usr/bin
PATH: /sbin
PATH: /bin
PATH: /usr/games
PATH: /usr/local/games
PATH: /snap/bin


## ----------- ##
## Core tests. ##
## ----------- ##

configure:2324: checking for a BSD-compatible install
configure:2392: result: /usr/bin/install -c
configure:2403: checking whether build environment is sane
configure:2458: result: yes
configure:2607: checking for a thread-safe mkdir -p
configure:2646: result: /usr/bin/mkdir -p
configure:2653: checking for gawk
configure:2683: result: no
configure:2653: checking for mawk
configure:2669: found /usr/bin/mawk
configure:2680: result: mawk
configure:2691: checking whether make sets $(MAKE)
configure:2713: result: yes
configure:2742: checking whether make supports nested variables
configure:2759: result: yes
configure:2889: checking whether to enable maintainer-specific portions of Makefiles
configure:2898: result: no
configure:2960: checking for gcc
configure:2976: found /usr/bin/gcc
configure:2987: result: gcc
configure:3216: checking for C compiler version
configure:3225: gcc --version >&5
gcc (Ubuntu 9.3.0-17ubuntu1~20.04) 9.3.0
Copyright (C) 2019 Free Software Foundation, Inc.
This is free software; see the source for copying conditions.  There is NO
warranty; not even for MERCHANTABILITY or FITNESS FOR A PARTICULAR PURPOSE.

configure:3236: $? = 0
configure:3225: gcc -v >&5
Using built-in specs.
COLLECT_GCC=gcc
COLLECT_LTO_WRAPPER=/usr/lib/gcc/x86_64-linux-gnu/9/lto-wrapper
OFFLOAD_TARGET_NAMES=nvptx-none:hsa
OFFLOAD_TARGET_DEFAULT=1
Target: x86_64-linux-gnu
Configured with: ../src/configure -v --with-pkgversion='Ubuntu 9.3.0-17ubuntu1~20.04' --with-bugurl=file:///usr/share/doc/gcc-9/README.Bugs --enable-languages=c,ada,c++,go,brig,d,fortran,objc,obj-c++,gm2 --prefix=/usr --with-gcc-major-version-only --program-suffix=-9 --program-prefix=x86_64-linux-gnu- --enable-shared --enable-linker-build-id --libexecdir=/usr/lib --without-included-gettext --enable-threads=posix --libdir=/usr/lib --enable-nls --enable-clocale=gnu --enable-libstdcxx-debug --enable-libstdcxx-time=yes --with-default-libstdcxx-abi=new --enable-gnu-unique-object --disable-vtable-verify --enable-plugin --enable-default-pie --with-system-zlib --with-target-system-zlib=auto --enable-objc-gc=auto --enable-multiarch --disable-werror --with-arch-32=i686 --with-abi=m64 --with-multilib-list=m32,m64,mx32 --enable-multilib --with-tune=generic --enable-offload-targets=nvptx-none=/build/gcc-9-HskZEa/gcc-9-9.3.0/debian/tmp-nvptx/usr,hsa --without-cuda-driver --enable-checking=release --build=x86_64-linux-gnu --host=x86_64-linux-gnu --target=x86_64-linux-gnu
Thread model: posix
gcc version 9.3.0 (Ubuntu 9.3.0-17ubuntu1~20.04) 
configure:3236: $? = 0
configure:3225: gcc -V >&5
gcc: error: unrecognized command line option '-V'
gcc: fatal error: no input files
compilation terminated.
configure:3236: $? = 1
configure:3225: gcc -qversion >&5
gcc: error: unrecognized command line option '-qversion'; did you mean '--version'?
gcc: fatal error: no input files
compilation terminated.
configure:3236: $? = 1
configure:3256: checking whether the C compiler works
configure:3278: gcc    conftest.c  >&5
configure:3282: $? = 0
configure:3330: result: yes
configure:3333: checking for C compiler default output file name
configure:3335: result: a.out
configure:3341: checking for suffix of executables
configure:3348: gcc -o conftest    conftest.c  >&5
configure:3352: $? = 0
configure:3374: result: 
configure:3396: checking whether we are cross compiling
configure:3404: gcc -o conftest    conftest.c  >&5
configure:3408: $? = 0
configure:3415: ./conftest
configure:3419: $? = 0
configure:3407: result: no
configure:3412: checking for suffix of object files
configure:3434: gcc -c   conftest.c >&5
configure:3438: $? = 0
configure:3459: result: o
configure:3463: checking whether we are using the GNU C compiler
configure:3482: gcc -c   conftest.c >&5
configure:3482: $? = 0
configure:3491: result: yes
configure:3500: checking whether gcc accepts -g
configure:3520: gcc -c -g  conftest.c >&5
configure:3520: $? = 0
configure:3561: result: yes
configure:3578: checking for gcc option to accept ISO C89
configure:3641: gcc  -c -g -O2  conftest.c >&5
configure:3641: $? = 0
configure:3654: result: none needed
configure:3679: checking whether gcc understands -c and -o together
configure:3701: gcc -c conftest.c -o conftest2.o
configure:3704: $? = 0
configure:3701: gcc -c conftest.c -o conftest2.o
configure:3704: $? = 0
configure:3716: result: yes
configure:3736: checking whether make supports the include directive
configure:3751: make -f confmf.GNU && cat confinc.out
make[1]: Entering directory '/home/feng/Github/CLionProjects/libev-4.33'
make[1]: Leaving directory '/home/feng/Github/CLionProjects/libev-4.33'
this is the am__doit target
configure:3754: $? = 0
configure:3773: result: yes (GNU style)
configure:3798: checking dependency style of gcc
configure:3909: result: gcc3
configure:3961: checking build system type
configure:3975: result: x86_64-pc-linux-gnu
configure:3995: checking host system type
configure:4008: result: x86_64-pc-linux-gnu
configure:4049: checking how to print strings
configure:4076: result: printf
configure:4097: checking for a sed that does not truncate output
configure:4161: result: /usr/bin/sed
configure:4179: checking for grep that handles long lines and -e
configure:4237: result: /usr/bin/grep
configure:4242: checking for egrep
configure:4304: result: /usr/bin/grep -E
configure:4309: checking for fgrep
configure:4371: result: /usr/bin/grep -F
configure:4406: checking for ld used by gcc
configure:4473: result: /usr/bin/ld
configure:4480: checking if the linker (/usr/bin/ld) is GNU ld
configure:4495: result: yes
configure:4507: checking for BSD- or MS-compatible name lister (nm)
configure:4561: result: /usr/bin/nm -B
configure:4691: checking the name lister (/usr/bin/nm -B) interface
configure:4698: gcc -c -g -O3  conftest.c >&5
configure:4701: /usr/bin/nm -B "conftest.o"
configure:4704: output
0000000000000000 B some_variable
configure:4705: result: BSD nm
configure:4708: checking whether ln -s works
configure:4712: result: yes
configure:4720: checking the maximum length of command line arguments
configure:4851: result: 1572864
configure:4899: checking how to convert x86_64-pc-linux-gnu file names to x86_64-pc-linux-gnu format
configure:4939: result: func_convert_file_noop
configure:4946: checking how to convert x86_64-pc-linux-gnu file names to toolchain format
configure:4966: result: func_convert_file_noop
configure:4973: checking for /usr/bin/ld option to reload object files
configure:4980: result: -r
configure:5054: checking for objdump
configure:5070: found /usr/bin/objdump
configure:5081: result: objdump
configure:5113: checking how to recognize dependent libraries
configure:5313: result: pass_all
configure:5398: checking for dlltool
configure:5428: result: no
configure:5458: checking how to associate runtime and link libraries
configure:5485: result: printf %s\n
configure:5546: checking for ar
configure:5562: found /usr/bin/ar
configure:5573: result: ar
configure:5610: checking for archiver @FILE support
configure:5627: gcc -c -g -O3  conftest.c >&5
configure:5627: $? = 0
configure:5630: ar cru libconftest.a @conftest.lst >&5
ar: `u' modifier ignored since `D' is the default (see `U')
configure:5633: $? = 0
configure:5638: ar cru libconftest.a @conftest.lst >&5
ar: `u' modifier ignored since `D' is the default (see `U')
ar: conftest.o: No such file or directory
configure:5641: $? = 1
configure:5640: result: @
configure:5698: checking for strip
configure:5714: found /usr/bin/strip
configure:5725: result: strip
configure:5797: checking for ranlib
configure:5813: found /usr/bin/ranlib
configure:5824: result: ranlib
configure:5926: checking command to parse /usr/bin/nm -B output from gcc object
configure:6079: gcc -c -g -O3  conftest.c >&5
configure:6082: $? = 0
configure:6086: /usr/bin/nm -B conftest.o | sed -n -e 's/^.*[	 ]\([ABCDGIRSTW][ABCDGIRSTW]*\)[	 ][	 ]*\([_A-Za-z][_A-Za-z0-9]*\)$/\1 \2 \2/p' | sed '/ __gnu_lto/d' > conftest.nm
configure:6152: gcc -o conftest -g -O3   conftest.c conftstm.o >&5
configure:6155: $? = 0
configure:6193: result: ok
configure:6240: checking for sysroot
configure:6270: result: no
configure:6277: checking for a working dd
configure:6315: result: /usr/bin/dd
configure:6319: checking how to truncate binary pipes
configure:6334: result: /usr/bin/dd bs=4096 count=1
configure:6470: gcc -c -g -O3  conftest.c >&5
configure:6473: $? = 0
configure:6663: checking for mt
configure:6679: found /usr/bin/mt
configure:6690: result: mt
configure:6713: checking if mt is a manifest tool
configure:6719: mt '-?'
configure:6727: result: no
configure:7404: checking how to run the C preprocessor
configure:7435: gcc -E  conftest.c
configure:7435: $? = 0
configure:7449: gcc -E  conftest.c
conftest.c:11:10: fatal error: ac_nonexistent.h: No such file or directory
   11 | #include <ac_nonexistent.h>
      |          ^~~~~~~~~~~~~~~~~~
compilation terminated.
configure:7449: $? = 1
configure: failed program was:
| /* confdefs.h */
| #define PACKAGE_NAME "libev"
| #define PACKAGE_TARNAME "libev"
| #define PACKAGE_VERSION "4.33"
| #define PACKAGE_STRING "libev 4.33"
| #define PACKAGE_BUGREPORT ""
| #define PACKAGE_URL ""
| #define PACKAGE "libev"
| #define VERSION "4.33"
| /* end confdefs.h.  */
| #include <ac_nonexistent.h>
configure:7474: result: gcc -E
configure:7494: gcc -E  conftest.c
configure:7494: $? = 0
configure:7508: gcc -E  conftest.c
conftest.c:11:10: fatal error: ac_nonexistent.h: No such file or directory
   11 | #include <ac_nonexistent.h>
      |          ^~~~~~~~~~~~~~~~~~
compilation terminated.
configure:7508: $? = 1
configure: failed program was:
| /* confdefs.h */
| #define PACKAGE_NAME "libev"
| #define PACKAGE_TARNAME "libev"
| #define PACKAGE_VERSION "4.33"
| #define PACKAGE_STRING "libev 4.33"
| #define PACKAGE_BUGREPORT ""
| #define PACKAGE_URL ""
| #define PACKAGE "libev"
| #define VERSION "4.33"
| /* end confdefs.h.  */
| #include <ac_nonexistent.h>
configure:7537: checking for ANSI C header files
configure:7557: gcc -c -g -O3  conftest.c >&5
configure:7557: $? = 0
configure:7630: gcc -o conftest -g -O3   conftest.c  >&5
configure:7630: $? = 0
configure:7630: ./conftest
configure:7630: $? = 0
configure:7641: result: yes
configure:7654: checking for sys/types.h
configure:7654: gcc -c -g -O3  conftest.c >&5
configure:7654: $? = 0
configure:7654: result: yes
configure:7654: checking for sys/stat.h
configure:7654: gcc -c -g -O3  conftest.c >&5
configure:7654: $? = 0
configure:7654: result: yes
configure:7654: checking for stdlib.h
configure:7654: gcc -c -g -O3  conftest.c >&5
configure:7654: $? = 0
configure:7654: result: yes
configure:7654: checking for string.h
configure:7654: gcc -c -g -O3  conftest.c >&5
configure:7654: $? = 0
configure:7654: result: yes
configure:7654: checking for memory.h
configure:7654: gcc -c -g -O3  conftest.c >&5
configure:7654: $? = 0
configure:7654: result: yes
configure:7654: checking for strings.h
configure:7654: gcc -c -g -O3  conftest.c >&5
configure:7654: $? = 0
configure:7654: result: yes
configure:7654: checking for inttypes.h
configure:7654: gcc -c -g -O3  conftest.c >&5
configure:7654: $? = 0
configure:7654: result: yes
configure:7654: checking for stdint.h
configure:7654: gcc -c -g -O3  conftest.c >&5
configure:7654: $? = 0
configure:7654: result: yes
configure:7654: checking for unistd.h
configure:7654: gcc -c -g -O3  conftest.c >&5
configure:7654: $? = 0
configure:7654: result: yes
configure:7668: checking for dlfcn.h
configure:7668: gcc -c -g -O3  conftest.c >&5
configure:7668: $? = 0
configure:7668: result: yes
configure:7924: checking for objdir
configure:7939: result: .libs
configure:8199: checking if gcc supports -fno-rtti -fno-exceptions
configure:8217: gcc -c -g -O3  -fno-rtti -fno-exceptions conftest.c >&5
cc1: warning: command line option '-fno-rtti' is valid for C++/D/ObjC++ but not for C
configure:8221: $? = 0
configure:8234: result: no
configure:8592: checking for gcc option to produce PIC
configure:8599: result: -fPIC -DPIC
configure:8607: checking if gcc PIC flag -fPIC -DPIC works
configure:8625: gcc -c -g -O3  -fPIC -DPIC -DPIC conftest.c >&5
configure:8629: $? = 0
configure:8642: result: yes
configure:8671: checking if gcc static flag -static works
configure:8699: result: yes
configure:8714: checking if gcc supports -c -o file.o
configure:8735: gcc -c -g -O3  -o out/conftest2.o conftest.c >&5
configure:8739: $? = 0
configure:8761: result: yes
configure:8769: checking if gcc supports -c -o file.o
configure:8816: result: yes
configure:8849: checking whether the gcc linker (/usr/bin/ld -m elf_x86_64) supports shared libraries
configure:10112: result: yes
configure:10149: checking whether -lc should be explicitly linked in
configure:10157: gcc -c -g -O3  conftest.c >&5
configure:10160: $? = 0
configure:10175: gcc -shared  -fPIC -DPIC conftest.o  -v -Wl,-soname -Wl,conftest -o conftest 2\>\&1 \| /usr/bin/grep  -lc  \>/dev/null 2\>\&1
configure:10178: $? = 0
configure:10192: result: no
configure:10352: checking dynamic linker characteristics
configure:10933: gcc -o conftest -g -O3   -Wl,-rpath -Wl,/foo conftest.c  >&5
configure:10933: $? = 0
configure:11182: result: GNU/Linux ld.so
configure:11304: checking how to hardcode library paths into programs
configure:11329: result: immediate
configure:11877: checking whether stripping libraries is possible
configure:11882: result: yes
configure:11917: checking if libtool supports shared libraries
configure:11919: result: yes
configure:11922: checking whether to build shared libraries
configure:11947: result: yes
configure:11950: checking whether to build static libraries
configure:11954: result: yes
configure:8772: checking sys/inotify.h usability
configure:8772: gcc -c -g -O3  conftest.c >&5
configure:8772: $? = 0
configure:8772: result: yes
configure:8772: checking sys/inotify.h presence
configure:8772: gcc -E  conftest.c
configure:8772: $? = 0
configure:8772: result: yes
configure:8772: checking for sys/inotify.h
configure:8772: result: yes
configure:8772: checking sys/epoll.h usability
configure:8772: gcc -c -g -O3  conftest.c >&5
configure:8772: $? = 0
configure:8772: result: yes
configure:8772: checking sys/epoll.h presence
configure:8772: gcc -E  conftest.c
configure:8772: $? = 0
configure:8772: result: yes
configure:8772: checking for sys/epoll.h
configure:8772: result: yes
configure:8772: checking sys/event.h usability
configure:8772: gcc -c -g -O3  conftest.c >&5
conftest.c:58:10: fatal error: sys/event.h: No such file or directory
   58 | #include <sys/event.h>
      |          ^~~~~~~~~~~~~
compilation terminated.
configure:8772: $? = 1
configure: failed program was:
| /* confdefs.h */
| #define PACKAGE_NAME "libev"
| #define PACKAGE_TARNAME "libev"
| #define PACKAGE_VERSION "4.33"
| #define PACKAGE_STRING "libev 4.33"
| #define PACKAGE_BUGREPORT ""
| #define PACKAGE_URL ""
| #define PACKAGE "libev"
| #define VERSION "4.33"
| #define STDC_HEADERS 1
| #define HAVE_SYS_TYPES_H 1
| #define HAVE_SYS_STAT_H 1
| #define HAVE_STDLIB_H 1
| #define HAVE_STRING_H 1
| #define HAVE_MEMORY_H 1
| #define HAVE_STRINGS_H 1
| #define HAVE_INTTYPES_H 1
| #define HAVE_STDINT_H 1
| #define HAVE_UNISTD_H 1
| #define HAVE_DLFCN_H 1
| #define LT_OBJDIR ".libs/"
| #define HAVE_SYS_INOTIFY_H 1
| #define HAVE_SYS_EPOLL_H 1
| /* end confdefs.h.  */
| #include <stdio.h>
| #ifdef HAVE_SYS_TYPES_H
| # include <sys/types.h>
| #endif
| #ifdef HAVE_SYS_STAT_H
| # include <sys/stat.h>
| #endif
| #ifdef STDC_HEADERS
| # include <stdlib.h>
| # include <stddef.h>
| #else
| # ifdef HAVE_STDLIB_H
| #  include <stdlib.h>
| # endif
| #endif
| #ifdef HAVE_STRING_H
| # if !defined STDC_HEADERS && defined HAVE_MEMORY_H
| #  include <memory.h>
| # endif
| # include <string.h>
| #endif
| #ifdef HAVE_STRINGS_H
| # include <strings.h>
| #endif
| #ifdef HAVE_INTTYPES_H
| # include <inttypes.h>
| #endif
| #ifdef HAVE_STDINT_H
| # include <stdint.h>
| #endif
| #ifdef HAVE_UNISTD_H
| # include <unistd.h>
| #endif
| #include <sys/event.h>
configure:8772: result: no
configure:8772: checking sys/event.h presence
configure:8772: gcc -E  conftest.c
conftest.c:25:10: fatal error: sys/event.h: No such file or directory
   25 | #include <sys/event.h>
      |          ^~~~~~~~~~~~~
compilation terminated.
configure:8772: $? = 1
configure: failed program was:
| /* confdefs.h */
| #define PACKAGE_NAME "libev"
| #define PACKAGE_TARNAME "libev"
| #define PACKAGE_VERSION "4.33"
| #define PACKAGE_STRING "libev 4.33"
| #define PACKAGE_BUGREPORT ""
| #define PACKAGE_URL ""
| #define PACKAGE "libev"
| #define VERSION "4.33"
| #define STDC_HEADERS 1
| #define HAVE_SYS_TYPES_H 1
| #define HAVE_SYS_STAT_H 1
| #define HAVE_STDLIB_H 1
| #define HAVE_STRING_H 1
| #define HAVE_MEMORY_H 1
| #define HAVE_STRINGS_H 1
| #define HAVE_INTTYPES_H 1
| #define HAVE_STDINT_H 1
| #define HAVE_UNISTD_H 1
| #define HAVE_DLFCN_H 1
| #define LT_OBJDIR ".libs/"
| #define HAVE_SYS_INOTIFY_H 1
| #define HAVE_SYS_EPOLL_H 1
| /* end confdefs.h.  */
| #include <sys/event.h>
configure:8772: result: no
configure:8772: checking for sys/event.h
configure:8772: result: no
configure:8772: checking port.h usability
configure:8772: gcc -c -g -O3  conftest.c >&5
conftest.c:58:10: fatal error: port.h: No such file or directory
   58 | #include <port.h>
      |          ^~~~~~~~
compilation terminated.
configure:8772: $? = 1
configure: failed program was:
| /* confdefs.h */
| #define PACKAGE_NAME "libev"
| #define PACKAGE_TARNAME "libev"
| #define PACKAGE_VERSION "4.33"
| #define PACKAGE_STRING "libev 4.33"
| #define PACKAGE_BUGREPORT ""
| #define PACKAGE_URL ""
| #define PACKAGE "libev"
| #define VERSION "4.33"
| #define STDC_HEADERS 1
| #define HAVE_SYS_TYPES_H 1
| #define HAVE_SYS_STAT_H 1
| #define HAVE_STDLIB_H 1
| #define HAVE_STRING_H 1
| #define HAVE_MEMORY_H 1
| #define HAVE_STRINGS_H 1
| #define HAVE_INTTYPES_H 1
| #define HAVE_STDINT_H 1
| #define HAVE_UNISTD_H 1
| #define HAVE_DLFCN_H 1
| #define LT_OBJDIR ".libs/"
| #define HAVE_SYS_INOTIFY_H 1
| #define HAVE_SYS_EPOLL_H 1
| /* end confdefs.h.  */
| #include <stdio.h>
| #ifdef HAVE_SYS_TYPES_H
| # include <sys/types.h>
| #endif
| #ifdef HAVE_SYS_STAT_H
| # include <sys/stat.h>
| #endif
| #ifdef STDC_HEADERS
| # include <stdlib.h>
| # include <stddef.h>
| #else
| # ifdef HAVE_STDLIB_H
| #  include <stdlib.h>
| # endif
| #endif
| #ifdef HAVE_STRING_H
| # if !defined STDC_HEADERS && defined HAVE_MEMORY_H
| #  include <memory.h>
| # endif
| # include <string.h>
| #endif
| #ifdef HAVE_STRINGS_H
| # include <strings.h>
| #endif
| #ifdef HAVE_INTTYPES_H
| # include <inttypes.h>
| #endif
| #ifdef HAVE_STDINT_H
| # include <stdint.h>
| #endif
| #ifdef HAVE_UNISTD_H
| # include <unistd.h>
| #endif
| #include <port.h>
configure:8772: result: no
configure:8772: checking port.h presence
configure:8772: gcc -E  conftest.c
conftest.c:25:10: fatal error: port.h: No such file or directory
   25 | #include <port.h>
      |          ^~~~~~~~
compilation terminated.
configure:8772: $? = 1
configure: failed program was:
| /* confdefs.h */
| #define PACKAGE_NAME "libev"
| #define PACKAGE_TARNAME "libev"
| #define PACKAGE_VERSION "4.33"
| #define PACKAGE_STRING "libev 4.33"
| #define PACKAGE_BUGREPORT ""
| #define PACKAGE_URL ""
| #define PACKAGE "libev"
| #define VERSION "4.33"
| #define STDC_HEADERS 1
| #define HAVE_SYS_TYPES_H 1
| #define HAVE_SYS_STAT_H 1
| #define HAVE_STDLIB_H 1
| #define HAVE_STRING_H 1
| #define HAVE_MEMORY_H 1
| #define HAVE_STRINGS_H 1
| #define HAVE_INTTYPES_H 1
| #define HAVE_STDINT_H 1
| #define HAVE_UNISTD_H 1
| #define HAVE_DLFCN_H 1
| #define LT_OBJDIR ".libs/"
| #define HAVE_SYS_INOTIFY_H 1
| #define HAVE_SYS_EPOLL_H 1
| /* end confdefs.h.  */
| #include <port.h>
configure:8772: result: no
configure:8772: checking for port.h
configure:8772: result: no
configure:8772: checking poll.h usability
configure:8772: gcc -c -g -O3  conftest.c >&5
configure:8772: $? = 0
configure:8772: result: yes
configure:8772: checking poll.h presence
configure:8772: gcc -E  conftest.c
configure:8772: $? = 0
configure:8772: result: yes
configure:8772: checking for poll.h
configure:8772: result: yes
configure:8772: checking sys/timerfd.h usability
configure:8772: gcc -c -g -O3  conftest.c >&5
configure:8772: $? = 0
configure:8772: result: yes
configure:8772: checking sys/timerfd.h presence
configure:8772: gcc -E  conftest.c
configure:8772: $? = 0
configure:8772: result: yes
configure:8772: checking for sys/timerfd.h
configure:8772: result: yes
configure:8785: checking sys/select.h usability
configure:8785: gcc -c -g -O3  conftest.c >&5
configure:8785: $? = 0
configure:8785: result: yes
configure:8785: checking sys/select.h presence
configure:8785: gcc -E  conftest.c
configure:8785: $? = 0
configure:8785: result: yes
configure:8785: checking for sys/select.h
configure:8785: result: yes
configure:8785: checking sys/eventfd.h usability
configure:8785: gcc -c -g -O3  conftest.c >&5
configure:8785: $? = 0
configure:8785: result: yes
configure:8785: checking sys/eventfd.h presence
configure:8785: gcc -E  conftest.c
configure:8785: $? = 0
configure:8785: result: yes
configure:8785: checking for sys/eventfd.h
configure:8785: result: yes
configure:8785: checking sys/signalfd.h usability
configure:8785: gcc -c -g -O3  conftest.c >&5
configure:8785: $? = 0
configure:8785: result: yes
configure:8785: checking sys/signalfd.h presence
configure:8785: gcc -E  conftest.c
configure:8785: $? = 0
configure:8785: result: yes
configure:8785: checking for sys/signalfd.h
configure:8785: result: yes
configure:8785: checking linux/aio_abi.h usability
configure:8785: gcc -c -g -O3  conftest.c >&5
configure:8785: $? = 0
configure:8785: result: yes
configure:8785: checking linux/aio_abi.h presence
configure:8785: gcc -E  conftest.c
configure:8785: $? = 0
configure:8785: result: yes
configure:8785: checking for linux/aio_abi.h
configure:8785: result: yes
configure:8785: checking linux/fs.h usability
configure:8785: gcc -c -g -O3  conftest.c >&5
configure:8785: $? = 0
configure:8785: result: yes
configure:8785: checking linux/fs.h presence
configure:8785: gcc -E  conftest.c
configure:8785: $? = 0
configure:8785: result: yes
configure:8785: checking for linux/fs.h
configure:8785: result: yes
configure:8799: checking for inotify_init
configure:8799: gcc -o conftest -g -O3   conftest.c  >&5
configure:8799: $? = 0
configure:8799: result: yes
configure:8799: checking for epoll_ctl
configure:8799: gcc -o conftest -g -O3   conftest.c  >&5
configure:8799: $? = 0
configure:8799: result: yes
configure:8799: checking for kqueue
configure:8799: gcc -o conftest -g -O3   conftest.c  >&5
/usr/bin/ld: /tmp/ccBm3t5X.o: in function `main':
/home/feng/Github/CLionProjects/libev-4.33/conftest.c:68: undefined reference to `kqueue'
collect2: error: ld returned 1 exit status
configure:8799: $? = 1
configure: failed program was:
| /* confdefs.h */
| #define PACKAGE_NAME "libev"
| #define PACKAGE_TARNAME "libev"
| #define PACKAGE_VERSION "4.33"
| #define PACKAGE_STRING "libev 4.33"
| #define PACKAGE_BUGREPORT ""
| #define PACKAGE_URL ""
| #define PACKAGE "libev"
| #define VERSION "4.33"
| #define STDC_HEADERS 1
| #define HAVE_SYS_TYPES_H 1
| #define HAVE_SYS_STAT_H 1
| #define HAVE_STDLIB_H 1
| #define HAVE_STRING_H 1
| #define HAVE_MEMORY_H 1
| #define HAVE_STRINGS_H 1
| #define HAVE_INTTYPES_H 1
| #define HAVE_STDINT_H 1
| #define HAVE_UNISTD_H 1
| #define HAVE_DLFCN_H 1
| #define LT_OBJDIR ".libs/"
| #define HAVE_SYS_INOTIFY_H 1
| #define HAVE_SYS_EPOLL_H 1
| #define HAVE_POLL_H 1
| #define HAVE_SYS_TIMERFD_H 1
| #define HAVE_SYS_SELECT_H 1
| #define HAVE_SYS_EVENTFD_H 1
| #define HAVE_SYS_SIGNALFD_H 1
| #define HAVE_LINUX_AIO_ABI_H 1
| #define HAVE_LINUX_FS_H 1
| #define HAVE_INOTIFY_INIT 1
| #define HAVE_EPOLL_CTL 1
| /* end confdefs.h.  */
| /* Define kqueue to an innocuous variant, in case <limits.h> declares kqueue.
|    For example, HP-UX 11i <limits.h> declares gettimeofday.  */
| #define kqueue innocuous_kqueue
| 
| /* System header to define __stub macros and hopefully few prototypes,
|     which can conflict with char kqueue (); below.
|     Prefer <limits.h> to <assert.h> if __STDC__ is defined, since
|     <limits.h> exists even on freestanding compilers.  */
| 
| #ifdef __STDC__
| # include <limits.h>
| #else
| # include <assert.h>
| #endif
| 
| #undef kqueue
| 
| /* Override any GCC internal prototype to avoid an error.
|    Use char because int might match the return type of a GCC
|    builtin and then its argument prototype would still apply.  */
| #ifdef __cplusplus
| extern "C"
| #endif
| char kqueue ();
| /* The GNU C library defines this for functions which it implements
|     to always fail with ENOSYS.  Some functions are actually named
|     something starting with __ and the normal name is an alias.  */
| #if defined __stub_kqueue || defined __stub___kqueue
| choke me
| #endif
| 
| int
| main ()
| {
| return kqueue ();
|   ;
|   return 0;
| }
configure:8799: result: no
configure:8799: checking for port_create
configure:8799: gcc -o conftest -g -O3   conftest.c  >&5
/usr/bin/ld: /tmp/cc25znjE.o: in function `main':
/home/feng/Github/CLionProjects/libev-4.33/conftest.c:68: undefined reference to `port_create'
collect2: error: ld returned 1 exit status
configure:8799: $? = 1
configure: failed program was:
| /* confdefs.h */
| #define PACKAGE_NAME "libev"
| #define PACKAGE_TARNAME "libev"
| #define PACKAGE_VERSION "4.33"
| #define PACKAGE_STRING "libev 4.33"
| #define PACKAGE_BUGREPORT ""
| #define PACKAGE_URL ""
| #define PACKAGE "libev"
| #define VERSION "4.33"
| #define STDC_HEADERS 1
| #define HAVE_SYS_TYPES_H 1
| #define HAVE_SYS_STAT_H 1
| #define HAVE_STDLIB_H 1
| #define HAVE_STRING_H 1
| #define HAVE_MEMORY_H 1
| #define HAVE_STRINGS_H 1
| #define HAVE_INTTYPES_H 1
| #define HAVE_STDINT_H 1
| #define HAVE_UNISTD_H 1
| #define HAVE_DLFCN_H 1
| #define LT_OBJDIR ".libs/"
| #define HAVE_SYS_INOTIFY_H 1
| #define HAVE_SYS_EPOLL_H 1
| #define HAVE_POLL_H 1
| #define HAVE_SYS_TIMERFD_H 1
| #define HAVE_SYS_SELECT_H 1
| #define HAVE_SYS_EVENTFD_H 1
| #define HAVE_SYS_SIGNALFD_H 1
| #define HAVE_LINUX_AIO_ABI_H 1
| #define HAVE_LINUX_FS_H 1
| #define HAVE_INOTIFY_INIT 1
| #define HAVE_EPOLL_CTL 1
| /* end confdefs.h.  */
| /* Define port_create to an innocuous variant, in case <limits.h> declares port_create.
|    For example, HP-UX 11i <limits.h> declares gettimeofday.  */
| #define port_create innocuous_port_create
| 
| /* System header to define __stub macros and hopefully few prototypes,
|     which can conflict with char port_create (); below.
|     Prefer <limits.h> to <assert.h> if __STDC__ is defined, since
|     <limits.h> exists even on freestanding compilers.  */
| 
| #ifdef __STDC__
| # include <limits.h>
| #else
| # include <assert.h>
| #endif
| 
| #undef port_create
| 
| /* Override any GCC internal prototype to avoid an error.
|    Use char because int might match the return type of a GCC
|    builtin and then its argument prototype would still apply.  */
| #ifdef __cplusplus
| extern "C"
| #endif
| char port_create ();
| /* The GNU C library defines this for functions which it implements
|     to always fail with ENOSYS.  Some functions are actually named
|     something starting with __ and the normal name is an alias.  */
| #if defined __stub_port_create || defined __stub___port_create
| choke me
| #endif
| 
| int
| main ()
| {
| return port_create ();
|   ;
|   return 0;
| }
configure:8799: result: no
configure:8799: checking for poll
configure:8799: gcc -o conftest -g -O3   conftest.c  >&5
configure:8799: $? = 0
configure:8799: result: yes
configure:8799: checking for select
configure:8799: gcc -o conftest -g -O3   conftest.c  >&5
configure:8799: $? = 0
configure:8799: result: yes
configure:8799: checking for eventfd
configure:8799: gcc -o conftest -g -O3   conftest.c  >&5
configure:8799: $? = 0
configure:8799: result: yes
configure:8799: checking for signalfd
configure:8799: gcc -o conftest -g -O3   conftest.c  >&5
configure:8799: $? = 0
configure:8799: result: yes
configure:8811: checking for clock_gettime
configure:8811: gcc -o conftest -g -O3   conftest.c  >&5
configure:8811: $? = 0
configure:8811: result: yes
configure:8915: checking for nanosleep
configure:8915: gcc -o conftest -g -O3   conftest.c  >&5
configure:8915: $? = 0
configure:8915: result: yes
configure:8987: checking for __kernel_rwf_t
configure:8987: gcc -c -g -O3  conftest.c >&5
configure:8987: $? = 0
configure:8987: gcc -c -g -O3  conftest.c >&5
conftest.c: In function 'main':
conftest.c:45:29: error: expected expression before ')' token
   45 | if (sizeof ((__kernel_rwf_t)))
      |                             ^
configure:8987: $? = 1
configure: failed program was:
| /* confdefs.h */
| #define PACKAGE_NAME "libev"
| #define PACKAGE_TARNAME "libev"
| #define PACKAGE_VERSION "4.33"
| #define PACKAGE_STRING "libev 4.33"
| #define PACKAGE_BUGREPORT ""
| #define PACKAGE_URL ""
| #define PACKAGE "libev"
| #define VERSION "4.33"
| #define STDC_HEADERS 1
| #define HAVE_SYS_TYPES_H 1
| #define HAVE_SYS_STAT_H 1
| #define HAVE_STDLIB_H 1
| #define HAVE_STRING_H 1
| #define HAVE_MEMORY_H 1
| #define HAVE_STRINGS_H 1
| #define HAVE_INTTYPES_H 1
| #define HAVE_STDINT_H 1
| #define HAVE_UNISTD_H 1
| #define HAVE_DLFCN_H 1
| #define LT_OBJDIR ".libs/"
| #define HAVE_SYS_INOTIFY_H 1
| #define HAVE_SYS_EPOLL_H 1
| #define HAVE_POLL_H 1
| #define HAVE_SYS_TIMERFD_H 1
| #define HAVE_SYS_SELECT_H 1
| #define HAVE_SYS_EVENTFD_H 1
| #define HAVE_SYS_SIGNALFD_H 1
| #define HAVE_LINUX_AIO_ABI_H 1
| #define HAVE_LINUX_FS_H 1
| #define HAVE_INOTIFY_INIT 1
| #define HAVE_EPOLL_CTL 1
| #define HAVE_POLL 1
| #define HAVE_SELECT 1
| #define HAVE_EVENTFD 1
| #define HAVE_SIGNALFD 1
| #define HAVE_CLOCK_GETTIME 1
| #define HAVE_NANOSLEEP 1
| /* end confdefs.h.  */
| #include <linux/fs.h>
| 
| int
| main ()
| {
| if (sizeof ((__kernel_rwf_t)))
| 	    return 0;
|   ;
|   return 0;
| }
configure:8987: result: yes
configure:9001: checking for library containing floor
configure:9032: gcc -o conftest -g -O3   conftest.c  >&5
conftest.c:48:6: warning: conflicting types for built-in function 'floor'; expected 'double(double)' [-Wbuiltin-declaration-mismatch]
   48 | char floor ();
      |      ^~~~~
conftest.c:1:1: note: 'floor' is declared in header '<math.h>'
    1 | /* confdefs.h */
/usr/bin/ld: /tmp/ccbFVC6o.o: in function `main':
/home/feng/Github/CLionProjects/libev-4.33/conftest.c:52: undefined reference to `floor'
collect2: error: ld returned 1 exit status
configure:9032: $? = 1
configure: failed program was:
| /* confdefs.h */
| #define PACKAGE_NAME "libev"
| #define PACKAGE_TARNAME "libev"
| #define PACKAGE_VERSION "4.33"
| #define PACKAGE_STRING "libev 4.33"
| #define PACKAGE_BUGREPORT ""
| #define PACKAGE_URL ""
| #define PACKAGE "libev"
| #define VERSION "4.33"
| #define STDC_HEADERS 1
| #define HAVE_SYS_TYPES_H 1
| #define HAVE_SYS_STAT_H 1
| #define HAVE_STDLIB_H 1
| #define HAVE_STRING_H 1
| #define HAVE_MEMORY_H 1
| #define HAVE_STRINGS_H 1
| #define HAVE_INTTYPES_H 1
| #define HAVE_STDINT_H 1
| #define HAVE_UNISTD_H 1
| #define HAVE_DLFCN_H 1
| #define LT_OBJDIR ".libs/"
| #define HAVE_SYS_INOTIFY_H 1
| #define HAVE_SYS_EPOLL_H 1
| #define HAVE_POLL_H 1
| #define HAVE_SYS_TIMERFD_H 1
| #define HAVE_SYS_SELECT_H 1
| #define HAVE_SYS_EVENTFD_H 1
| #define HAVE_SYS_SIGNALFD_H 1
| #define HAVE_LINUX_AIO_ABI_H 1
| #define HAVE_LINUX_FS_H 1
| #define HAVE_INOTIFY_INIT 1
| #define HAVE_EPOLL_CTL 1
| #define HAVE_POLL 1
| #define HAVE_SELECT 1
| #define HAVE_EVENTFD 1
| #define HAVE_SIGNALFD 1
| #define HAVE_CLOCK_GETTIME 1
| #define HAVE_NANOSLEEP 1
| #define HAVE_KERNEL_RWF_T 1
| /* end confdefs.h.  */
| 
| /* Override any GCC internal prototype to avoid an error.
|    Use char because int might match the return type of a GCC
|    builtin and then its argument prototype would still apply.  */
| #ifdef __cplusplus
| extern "C"
| #endif
| char floor ();
| int
| main ()
| {
| return floor ();
|   ;
|   return 0;
| }
configure:9032: gcc -o conftest -g -O3   conftest.c -lm   >&5
conftest.c:48:6: warning: conflicting types for built-in function 'floor'; expected 'double(double)' [-Wbuiltin-declaration-mismatch]
   48 | char floor ();
      |      ^~~~~
conftest.c:1:1: note: 'floor' is declared in header '<math.h>'
    1 | /* confdefs.h */
configure:9032: $? = 0
configure:9049: result: -lm
configure:9165: checking that generated files are newer than configure
configure:9171: result: done
configure:9198: creating ./config.status

## ---------------- ##
## Cache variables. ##
## ---------------- ##

ac_cv_build=x86_64-pc-linux-gnu
ac_cv_c_compiler_gnu=yes
ac_cv_env_CC_set=
ac_cv_env_CC_value=
ac_cv_env_CFLAGS_set=
ac_cv_env_CFLAGS_value=
ac_cv_env_CPPFLAGS_set=
ac_cv_env_CPPFLAGS_value=
ac_cv_env_CPP_set=
ac_cv_env_CPP_value=
ac_cv_env_LDFLAGS_set=
ac_cv_env_LDFLAGS_value=
ac_cv_env_LIBS_set=
ac_cv_env_LIBS_value=
ac_cv_env_LT_SYS_LIBRARY_PATH_set=
ac_cv_env_LT_SYS_LIBRARY_PATH_value=
ac_cv_env_build_alias_set=
ac_cv_env_build_alias_value=
ac_cv_env_host_alias_set=
ac_cv_env_host_alias_value=
ac_cv_env_target_alias_set=
ac_cv_env_target_alias_value=
ac_cv_func_clock_gettime=yes
ac_cv_func_epoll_ctl=yes
ac_cv_func_eventfd=yes
ac_cv_func_inotify_init=yes
ac_cv_func_kqueue=no
ac_cv_func_nanosleep=yes
ac_cv_func_poll=yes
ac_cv_func_port_create=no
ac_cv_func_select=yes
ac_cv_func_signalfd=yes
ac_cv_header_dlfcn_h=yes
ac_cv_header_inttypes_h=yes
ac_cv_header_linux_aio_abi_h=yes
ac_cv_header_linux_fs_h=yes
ac_cv_header_memory_h=yes
ac_cv_header_poll_h=yes
ac_cv_header_port_h=no
ac_cv_header_stdc=yes
ac_cv_header_stdint_h=yes
ac_cv_header_stdlib_h=yes
ac_cv_header_string_h=yes
ac_cv_header_strings_h=yes
ac_cv_header_sys_epoll_h=yes
ac_cv_header_sys_event_h=no
ac_cv_header_sys_eventfd_h=yes
ac_cv_header_sys_inotify_h=yes
ac_cv_header_sys_select_h=yes
ac_cv_header_sys_signalfd_h=yes
ac_cv_header_sys_stat_h=yes
ac_cv_header_sys_timerfd_h=yes
ac_cv_header_sys_types_h=yes
ac_cv_header_unistd_h=yes
ac_cv_host=x86_64-pc-linux-gnu
ac_cv_objext=o
ac_cv_path_EGREP='/usr/bin/grep -E'
ac_cv_path_FGREP='/usr/bin/grep -F'
ac_cv_path_GREP=/usr/bin/grep
ac_cv_path_SED=/usr/bin/sed
ac_cv_path_install='/usr/bin/install -c'
ac_cv_path_lt_DD=/usr/bin/dd
ac_cv_path_mkdir=/usr/bin/mkdir
ac_cv_prog_AWK=mawk
ac_cv_prog_CPP='gcc -E'
ac_cv_prog_ac_ct_AR=ar
ac_cv_prog_ac_ct_CC=gcc
ac_cv_prog_ac_ct_MANIFEST_TOOL=mt
ac_cv_prog_ac_ct_OBJDUMP=objdump
ac_cv_prog_ac_ct_RANLIB=ranlib
ac_cv_prog_ac_ct_STRIP=strip
ac_cv_prog_cc_c89=
ac_cv_prog_cc_g=yes
ac_cv_prog_make_make_set=yes
ac_cv_search_floor=-lm
ac_cv_type___kernel_rwf_t=yes
am_cv_CC_dependencies_compiler_type=gcc3
am_cv_make_support_nested_variables=yes
am_cv_prog_cc_c_o=yes
lt_cv_ar_at_file=@
lt_cv_archive_cmds_need_lc=no
lt_cv_deplibs_check_method=pass_all
lt_cv_file_magic_cmd='$MAGIC_CMD'
lt_cv_file_magic_test_file=
lt_cv_ld_reload_flag=-r
lt_cv_nm_interface='BSD nm'
lt_cv_objdir=.libs
lt_cv_path_LD=/usr/bin/ld
lt_cv_path_NM='/usr/bin/nm -B'
lt_cv_path_mainfest_tool=no
lt_cv_prog_compiler_c_o=yes
lt_cv_prog_compiler_pic='-fPIC -DPIC'
lt_cv_prog_compiler_pic_works=yes
lt_cv_prog_compiler_rtti_exceptions=no
lt_cv_prog_compiler_static_works=yes
lt_cv_prog_gnu_ld=yes
lt_cv_sharedlib_from_linklib_cmd='printf %s\n'
lt_cv_shlibpath_overrides_runpath=yes
lt_cv_sys_global_symbol_pipe='sed -n -e '\''s/^.*[	 ]\([ABCDGIRSTW][ABCDGIRSTW]*\)[	 ][	 ]*\([_A-Za-z][_A-Za-z0-9]*\)$/\1 \2 \2/p'\'' | sed '\''/ __gnu_lto/d'\'''
lt_cv_sys_global_symbol_to_c_name_address='sed -n -e '\''s/^: \(.*\) .*$/  {"\1", (void *) 0},/p'\'' -e '\''s/^[ABCDGIRSTW][ABCDGIRSTW]* .* \(.*\)$/  {"\1", (void *) \&\1},/p'\'''
lt_cv_sys_global_symbol_to_c_name_address_lib_prefix='sed -n -e '\''s/^: \(.*\) .*$/  {"\1", (void *) 0},/p'\'' -e '\''s/^[ABCDGIRSTW][ABCDGIRSTW]* .* \(lib.*\)$/  {"\1", (void *) \&\1},/p'\'' -e '\''s/^[ABCDGIRSTW][ABCDGIRSTW]* .* \(.*\)$/  {"lib\1", (void *) \&\1},/p'\'''
lt_cv_sys_global_symbol_to_cdecl='sed -n -e '\''s/^T .* \(.*\)$/extern int \1();/p'\'' -e '\''s/^[ABCDGIRSTW][ABCDGIRSTW]* .* \(.*\)$/extern char \1;/p'\'''
lt_cv_sys_global_symbol_to_import=
lt_cv_sys_max_cmd_len=1572864
lt_cv_to_host_file_cmd=func_convert_file_noop
lt_cv_to_tool_file_cmd=func_convert_file_noop
lt_cv_truncate_bin='/usr/bin/dd bs=4096 count=1'

## ----------------- ##
## Output variables. ##
## ----------------- ##

ACLOCAL='${SHELL} /home/feng/Github/CLionProjects/libev-4.33/missing aclocal-1.16'
AMDEPBACKSLASH='\'
AMDEP_FALSE='#'
AMDEP_TRUE=''
AMTAR='$${TAR-tar}'
AM_BACKSLASH='\'
AM_DEFAULT_V='$(AM_DEFAULT_VERBOSITY)'
AM_DEFAULT_VERBOSITY='1'
AM_V='$(V)'
AR='ar'
AUTOCONF='${SHELL} /home/feng/Github/CLionProjects/libev-4.33/missing autoconf'
AUTOHEADER='${SHELL} /home/feng/Github/CLionProjects/libev-4.33/missing autoheader'
AUTOMAKE='${SHELL} /home/feng/Github/CLionProjects/libev-4.33/missing automake-1.16'
AWK='mawk'
CC='gcc'
CCDEPMODE='depmode=gcc3'
CFLAGS='-g -O3'
CPP='gcc -E'
CPPFLAGS=''
CYGPATH_W='echo'
DEFS='-DHAVE_CONFIG_H'
DEPDIR='.deps'
DLLTOOL='false'
DSYMUTIL=''
DUMPBIN=''
ECHO_C=''
ECHO_N='-n'
ECHO_T=''
EGREP='/usr/bin/grep -E'
EXEEXT=''
FGREP='/usr/bin/grep -F'
GREP='/usr/bin/grep'
INSTALL_DATA='${INSTALL} -m 644'
INSTALL_PROGRAM='${INSTALL}'
INSTALL_SCRIPT='${INSTALL}'
INSTALL_STRIP_PROGRAM='$(install_sh) -c -s'
LD='/usr/bin/ld -m elf_x86_64'
LDFLAGS=''
LIBOBJS=''
LIBS='-lm '
LIBTOOL='$(SHELL) $(top_builddir)/libtool'
LIPO=''
LN_S='ln -s'
LTLIBOBJS=''
LT_SYS_LIBRARY_PATH=''
MAINT='#'
MAINTAINER_MODE_FALSE=''
MAINTAINER_MODE_TRUE='#'
MAKEINFO='${SHELL} /home/feng/Github/CLionProjects/libev-4.33/missing makeinfo'
MANIFEST_TOOL=':'
MKDIR_P='/usr/bin/mkdir -p'
NM='/usr/bin/nm -B'
NMEDIT=''
OBJDUMP='objdump'
OBJEXT='o'
OTOOL64=''
OTOOL=''
PACKAGE='libev'
PACKAGE_BUGREPORT=''
PACKAGE_NAME='libev'
PACKAGE_STRING='libev 4.33'
PACKAGE_TARNAME='libev'
PACKAGE_URL=''
PACKAGE_VERSION='4.33'
PATH_SEPARATOR=':'
RANLIB='ranlib'
SED='/usr/bin/sed'
SET_MAKE=''
SHELL='/bin/bash'
STRIP='strip'
VERSION='4.33'
ac_ct_AR='ar'
ac_ct_CC='gcc'
ac_ct_DUMPBIN=''
am__EXEEXT_FALSE=''
am__EXEEXT_TRUE='#'
am__fastdepCC_FALSE='#'
am__fastdepCC_TRUE=''
am__include='include'
am__isrc=''
am__leading_dot='.'
am__nodep='_no'
am__quote=''
am__tar='$${TAR-tar} chof - "$$tardir"'
am__untar='$${TAR-tar} xf -'
bindir='${exec_prefix}/bin'
build='x86_64-pc-linux-gnu'
build_alias=''
build_cpu='x86_64'
build_os='linux-gnu'
build_vendor='pc'
datadir='${datarootdir}'
datarootdir='${prefix}/share'
docdir='${datarootdir}/doc/${PACKAGE_TARNAME}'
dvidir='${docdir}'
exec_prefix='${prefix}'
host='x86_64-pc-linux-gnu'
host_alias=''
host_cpu='x86_64'
host_os='linux-gnu'
host_vendor='pc'
htmldir='${docdir}'
includedir='${prefix}/include'
infodir='${datarootdir}/info'
install_sh='${SHELL} /home/feng/Github/CLionProjects/libev-4.33/install-sh'
libdir='${exec_prefix}/lib'
libexecdir='${exec_prefix}/libexec'
localedir='${datarootdir}/locale'
localstatedir='${prefix}/var'
mandir='${datarootdir}/man'
mkdir_p='$(MKDIR_P)'
oldincludedir='/usr/include'
pdfdir='${docdir}'
prefix='/usr/local'
program_transform_name='s,x,x,'
psdir='${docdir}'
runstatedir='${localstatedir}/run'
sbindir='${exec_prefix}/sbin'
sharedstatedir='${prefix}/com'
sysconfdir='${prefix}/etc'
target_alias=''

## ----------- ##
## confdefs.h. ##
## ----------- ##

/* confdefs.h */
#define PACKAGE_NAME "libev"
#define PACKAGE_TARNAME "libev"
#define PACKAGE_VERSION "4.33"
#define PACKAGE_STRING "libev 4.33"
#define PACKAGE_BUGREPORT ""
#define PACKAGE_URL ""
#define PACKAGE "libev"
#define VERSION "4.33"
#define STDC_HEADERS 1
#define HAVE_SYS_TYPES_H 1
#define HAVE_SYS_STAT_H 1
#define HAVE_STDLIB_H 1
#define HAVE_STRING_H 1
#define HAVE_MEMORY_H 1
#define HAVE_STRINGS_H 1
#define HAVE_INTTYPES_H 1
#define HAVE_STDINT_H 1
#define HAVE_UNISTD_H 1
#define HAVE_DLFCN_H 1
#define LT_OBJDIR ".libs/"
#define HAVE_SYS_INOTIFY_H 1
#define HAVE_SYS_EPOLL_H 1
#define HAVE_POLL_H 1
#define HAVE_SYS_TIMERFD_H 1
#define HAVE_SYS_SELECT_H 1
#define HAVE_SYS_EVENTFD_H 1
#define HAVE_SYS_SIGNALFD_H 1
#define HAVE_LINUX_AIO_ABI_H 1
#define HAVE_LINUX_FS_H 1
#define HAVE_INOTIFY_INIT 1
#define HAVE_EPOLL_CTL 1
#define HAVE_POLL 1
#define HAVE_SELECT 1
#define HAVE_EVENTFD 1
#define HAVE_SIGNALFD 1
#define HAVE_CLOCK_GETTIME 1
#define HAVE_NANOSLEEP 1
#define HAVE_KERNEL_RWF_T 1
#define HAVE_FLOOR 1

configure: exit 0

## ---------------------- ##
## Running config.status. ##
## ---------------------- ##

This file was extended by libev config.status 4.33, which was
generated by GNU Autoconf 2.69.  Invocation command line was

  CONFIG_FILES    = 
  CONFIG_HEADERS  = 
  CONFIG_LINKS    = 
  CONFIG_COMMANDS = 
  $ ./config.status 

on pc

config.status:1102: creating Makefile
config.status:1102: creating config.h
config.status:1283: config.h is unchanged
config.status:1331: executing depfiles commands
config.status:1408: cd .       && sed -e '/# am--include-marker/d' Makefile         | make -f - am--depfiles
GNU Make 4.2.1
Built for x86_64-pc-linux-gnu
Copyright (C) 1988-2016 Free Software Foundation, Inc.
License GPLv3+: GNU GPL version 3 or later <http://gnu.org/licenses/gpl.html>
This is free software: you are free to change and redistribute it.
There is NO WARRANTY, to the extent permitted by law.
Reading makefiles...
Reading makefile '/tmp/GmPQJA7b'...
Updating makefiles....
 Considering target file '/tmp/GmPQJA7b'.
 File '/tmp/GmPQJA7b' was considered already.
Updating goal targets....
Considering target file 'am--depfiles'.
 File 'am--depfiles' does not exist.
  Considering target file '.deps/ev.Plo'.
   Finished prerequisites of target file '.deps/ev.Plo'.
  No need to remake target '.deps/ev.Plo'.
  Considering target file '.deps/event.Plo'.
   Finished prerequisites of target file '.deps/event.Plo'.
  No need to remake target '.deps/event.Plo'.
 Finished prerequisites of target file 'am--depfiles'.
Must remake target 'am--depfiles'.
Successfully remade target file 'am--depfiles'.
make[1]: Entering directory '/home/feng/Github/CLionProjects/libev-4.33'
make[1]: Nothing to be done for 'am--depfiles'.
make[1]: Leaving directory '/home/feng/Github/CLionProjects/libev-4.33'
config.status:1413: $? = 0
config.status:1331: executing libtool commands
